D:\SENECA STUDY\SEM 3\PRG355\PROJECT\PRG355-FINAL PROJECT_PRATEEK_SINGH\PRG355-FINAL PROJECT_PRATEEK_SINGH\DEBUG\FINAL-PROJECT.OBJ
D:\SENECA STUDY\SEM 3\PRG355\PROJECT\PRG355-FINAL PROJECT_PRATEEK_SINGH\PRG355-FINAL PROJECT_PRATEEK_SINGH\DEBUG\VC110.PDB
D:\SENECA STUDY\SEM 3\PRG355\PROJECT\PRG355-FINAL PROJECT_PRATEEK_SINGH\DEBUG\PRG355-FINAL PROJECT_PRATEEK_SINGH.ILK
D:\SENECA STUDY\SEM 3\PRG355\PROJECT\PRG355-FINAL PROJECT_PRATEEK_SINGH\DEBUG\PRG355-FINAL PROJECT_PRATEEK_SINGH.EXE
D:\SENECA STUDY\SEM 3\PRG355\PROJECT\PRG355-FINAL PROJECT_PRATEEK_SINGH\DEBUG\PRG355-FINAL PROJECT_PRATEEK_SINGH.PDB
D:\Seneca Study\SEM 3\PRG355\project\PRG355-Final Project_Prateek_Singh\PRG355-Final Project_Prateek_Singh\Debug\Final-Project.obj
D:\Seneca Study\SEM 3\PRG355\project\PRG355-Final Project_Prateek_Singh\PRG355-Final Project_Prateek_Singh\Debug\cl.command.1.tlog
D:\Seneca Study\SEM 3\PRG355\project\PRG355-Final Project_Prateek_Singh\PRG355-Final Project_Prateek_Singh\Debug\CL.read.1.tlog
D:\Seneca Study\SEM 3\PRG355\project\PRG355-Final Project_Prateek_Singh\PRG355-Final Project_Prateek_Singh\Debug\CL.write.1.tlog
D:\Seneca Study\SEM 3\PRG355\project\PRG355-Final Project_Prateek_Singh\PRG355-Final Project_Prateek_Singh\Debug\link-cvtres.read.1.tlog
D:\Seneca Study\SEM 3\PRG355\project\PRG355-Final Project_Prateek_Singh\PRG355-Final Project_Prateek_Singh\Debug\link-cvtres.write.1.tlog
D:\Seneca Study\SEM 3\PRG355\project\PRG355-Final Project_Prateek_Singh\PRG355-Final Project_Prateek_Singh\Debug\link-rc.read.1.tlog
D:\Seneca Study\SEM 3\PRG355\project\PRG355-Final Project_Prateek_Singh\PRG355-Final Project_Prateek_Singh\Debug\link-rc.write.1.tlog
D:\Seneca Study\SEM 3\PRG355\project\PRG355-Final Project_Prateek_Singh\PRG355-Final Project_Prateek_Singh\Debug\link.12044-cvtres.read.1.tlog
D:\Seneca Study\SEM 3\PRG355\project\PRG355-Final Project_Prateek_Singh\PRG355-Final Project_Prateek_Singh\Debug\link.12044-cvtres.write.1.tlog
D:\Seneca Study\SEM 3\PRG355\project\PRG355-Final Project_Prateek_Singh\PRG355-Final Project_Prateek_Singh\Debug\link.12044-rc.read.1.tlog
D:\Seneca Study\SEM 3\PRG355\project\PRG355-Final Project_Prateek_Singh\PRG355-Final Project_Prateek_Singh\Debug\link.12044-rc.write.1.tlog
D:\Seneca Study\SEM 3\PRG355\project\PRG355-Final Project_Prateek_Singh\PRG355-Final Project_Prateek_Singh\Debug\link.12044.read.1.tlog
D:\Seneca Study\SEM 3\PRG355\project\PRG355-Final Project_Prateek_Singh\PRG355-Final Project_Prateek_Singh\Debug\link.12044.write.1.tlog
D:\Seneca Study\SEM 3\PRG355\project\PRG355-Final Project_Prateek_Singh\PRG355-Final Project_Prateek_Singh\Debug\link.12900-cvtres.read.1.tlog
D:\Seneca Study\SEM 3\PRG355\project\PRG355-Final Project_Prateek_Singh\PRG355-Final Project_Prateek_Singh\Debug\link.12900-cvtres.write.1.tlog
D:\Seneca Study\SEM 3\PRG355\project\PRG355-Final Project_Prateek_Singh\PRG355-Final Project_Prateek_Singh\Debug\link.12900-rc.read.1.tlog
D:\Seneca Study\SEM 3\PRG355\project\PRG355-Final Project_Prateek_Singh\PRG355-Final Project_Prateek_Singh\Debug\link.12900-rc.write.1.tlog
D:\Seneca Study\SEM 3\PRG355\project\PRG355-Final Project_Prateek_Singh\PRG355-Final Project_Prateek_Singh\Debug\link.12900.read.1.tlog
D:\Seneca Study\SEM 3\PRG355\project\PRG355-Final Project_Prateek_Singh\PRG355-Final Project_Prateek_Singh\Debug\link.12900.write.1.tlog
D:\Seneca Study\SEM 3\PRG355\project\PRG355-Final Project_Prateek_Singh\PRG355-Final Project_Prateek_Singh\Debug\link.13216-cvtres.read.1.tlog
D:\Seneca Study\SEM 3\PRG355\project\PRG355-Final Project_Prateek_Singh\PRG355-Final Project_Prateek_Singh\Debug\link.13216-cvtres.write.1.tlog
D:\Seneca Study\SEM 3\PRG355\project\PRG355-Final Project_Prateek_Singh\PRG355-Final Project_Prateek_Singh\Debug\link.13216-rc.read.1.tlog
D:\Seneca Study\SEM 3\PRG355\project\PRG355-Final Project_Prateek_Singh\PRG355-Final Project_Prateek_Singh\Debug\link.13216-rc.write.1.tlog
D:\Seneca Study\SEM 3\PRG355\project\PRG355-Final Project_Prateek_Singh\PRG355-Final Project_Prateek_Singh\Debug\link.13216.read.1.tlog
D:\Seneca Study\SEM 3\PRG355\project\PRG355-Final Project_Prateek_Singh\PRG355-Final Project_Prateek_Singh\Debug\link.13216.write.1.tlog
D:\Seneca Study\SEM 3\PRG355\project\PRG355-Final Project_Prateek_Singh\PRG355-Final Project_Prateek_Singh\Debug\link.13316-cvtres.read.1.tlog
D:\Seneca Study\SEM 3\PRG355\project\PRG355-Final Project_Prateek_Singh\PRG355-Final Project_Prateek_Singh\Debug\link.13316-cvtres.write.1.tlog
D:\Seneca Study\SEM 3\PRG355\project\PRG355-Final Project_Prateek_Singh\PRG355-Final Project_Prateek_Singh\Debug\link.13316-rc.read.1.tlog
D:\Seneca Study\SEM 3\PRG355\project\PRG355-Final Project_Prateek_Singh\PRG355-Final Project_Prateek_Singh\Debug\link.13316-rc.write.1.tlog
D:\Seneca Study\SEM 3\PRG355\project\PRG355-Final Project_Prateek_Singh\PRG355-Final Project_Prateek_Singh\Debug\link.13316.read.1.tlog
D:\Seneca Study\SEM 3\PRG355\project\PRG355-Final Project_Prateek_Singh\PRG355-Final Project_Prateek_Singh\Debug\link.13316.write.1.tlog
D:\Seneca Study\SEM 3\PRG355\project\PRG355-Final Project_Prateek_Singh\PRG355-Final Project_Prateek_Singh\Debug\link.14856-cvtres.read.1.tlog
D:\Seneca Study\SEM 3\PRG355\project\PRG355-Final Project_Prateek_Singh\PRG355-Final Project_Prateek_Singh\Debug\link.14856-cvtres.write.1.tlog
D:\Seneca Study\SEM 3\PRG355\project\PRG355-Final Project_Prateek_Singh\PRG355-Final Project_Prateek_Singh\Debug\link.14856-rc.read.1.tlog
D:\Seneca Study\SEM 3\PRG355\project\PRG355-Final Project_Prateek_Singh\PRG355-Final Project_Prateek_Singh\Debug\link.14856-rc.write.1.tlog
D:\Seneca Study\SEM 3\PRG355\project\PRG355-Final Project_Prateek_Singh\PRG355-Final Project_Prateek_Singh\Debug\link.14856.read.1.tlog
D:\Seneca Study\SEM 3\PRG355\project\PRG355-Final Project_Prateek_Singh\PRG355-Final Project_Prateek_Singh\Debug\link.14856.write.1.tlog
D:\Seneca Study\SEM 3\PRG355\project\PRG355-Final Project_Prateek_Singh\PRG355-Final Project_Prateek_Singh\Debug\link.16008-cvtres.read.1.tlog
D:\Seneca Study\SEM 3\PRG355\project\PRG355-Final Project_Prateek_Singh\PRG355-Final Project_Prateek_Singh\Debug\link.16008-cvtres.write.1.tlog
D:\Seneca Study\SEM 3\PRG355\project\PRG355-Final Project_Prateek_Singh\PRG355-Final Project_Prateek_Singh\Debug\link.16008-rc.read.1.tlog
D:\Seneca Study\SEM 3\PRG355\project\PRG355-Final Project_Prateek_Singh\PRG355-Final Project_Prateek_Singh\Debug\link.16008-rc.write.1.tlog
D:\Seneca Study\SEM 3\PRG355\project\PRG355-Final Project_Prateek_Singh\PRG355-Final Project_Prateek_Singh\Debug\link.16008.read.1.tlog
D:\Seneca Study\SEM 3\PRG355\project\PRG355-Final Project_Prateek_Singh\PRG355-Final Project_Prateek_Singh\Debug\link.16008.write.1.tlog
D:\Seneca Study\SEM 3\PRG355\project\PRG355-Final Project_Prateek_Singh\PRG355-Final Project_Prateek_Singh\Debug\link.5468-cvtres.read.1.tlog
D:\Seneca Study\SEM 3\PRG355\project\PRG355-Final Project_Prateek_Singh\PRG355-Final Project_Prateek_Singh\Debug\link.5468-cvtres.write.1.tlog
D:\Seneca Study\SEM 3\PRG355\project\PRG355-Final Project_Prateek_Singh\PRG355-Final Project_Prateek_Singh\Debug\link.5468-rc.read.1.tlog
D:\Seneca Study\SEM 3\PRG355\project\PRG355-Final Project_Prateek_Singh\PRG355-Final Project_Prateek_Singh\Debug\link.5468-rc.write.1.tlog
D:\Seneca Study\SEM 3\PRG355\project\PRG355-Final Project_Prateek_Singh\PRG355-Final Project_Prateek_Singh\Debug\link.5468.read.1.tlog
D:\Seneca Study\SEM 3\PRG355\project\PRG355-Final Project_Prateek_Singh\PRG355-Final Project_Prateek_Singh\Debug\link.5468.write.1.tlog
D:\Seneca Study\SEM 3\PRG355\project\PRG355-Final Project_Prateek_Singh\PRG355-Final Project_Prateek_Singh\Debug\link.6032-cvtres.read.1.tlog
D:\Seneca Study\SEM 3\PRG355\project\PRG355-Final Project_Prateek_Singh\PRG355-Final Project_Prateek_Singh\Debug\link.6032-cvtres.write.1.tlog
D:\Seneca Study\SEM 3\PRG355\project\PRG355-Final Project_Prateek_Singh\PRG355-Final Project_Prateek_Singh\Debug\link.6032-rc.read.1.tlog
D:\Seneca Study\SEM 3\PRG355\project\PRG355-Final Project_Prateek_Singh\PRG355-Final Project_Prateek_Singh\Debug\link.6032-rc.write.1.tlog
D:\Seneca Study\SEM 3\PRG355\project\PRG355-Final Project_Prateek_Singh\PRG355-Final Project_Prateek_Singh\Debug\link.6032.read.1.tlog
D:\Seneca Study\SEM 3\PRG355\project\PRG355-Final Project_Prateek_Singh\PRG355-Final Project_Prateek_Singh\Debug\link.6032.write.1.tlog
D:\Seneca Study\SEM 3\PRG355\project\PRG355-Final Project_Prateek_Singh\PRG355-Final Project_Prateek_Singh\Debug\link.command.1.tlog
D:\Seneca Study\SEM 3\PRG355\project\PRG355-Final Project_Prateek_Singh\PRG355-Final Project_Prateek_Singh\Debug\link.read.1.tlog
D:\Seneca Study\SEM 3\PRG355\project\PRG355-Final Project_Prateek_Singh\PRG355-Final Project_Prateek_Singh\Debug\link.write.1.tlog
D:\Seneca Study\SEM 3\PRG355\project\PRG355-Final Project_Prateek_Singh\PRG355-Final Project_Prateek_Singh\Debug\vc110.idb
D:\Seneca Study\SEM 3\PRG355\project\PRG355-Final Project_Prateek_Singh\PRG355-Final Project_Prateek_Singh\Debug\vc110.pdb
D:\Seneca Study\SEM 3\PRG355\project\PRG355-Final Project_Prateek_Singh\Debug\PRG355-Final Project_Prateek_Singh.pdb
D:\Seneca Study\SEM 3\PRG355\project\PRG355-Final Project_Prateek_Singh\Debug\PRG355-Final Project_Prateek_Singh.exe
D:\Seneca Study\SEM 3\PRG355\project\PRG355-Final Project_Prateek_Singh\Debug\PRG355-Final Project_Prateek_Singh.ilk
